[2026-07-11 11:55:17] INFO [main.py:264] Starting Full End-to-End Scraper Pipeline...
[2026-07-11 11:55:17] INFO [main.py:273] 
========================================
STARTING BATCH: 1 Colleges (Max: 2)
========================================
[2026-07-11 11:55:17] INFO [main.py:277] Stage 1: Discovering up to 1 URLs...
[2026-07-11 11:55:17] INFO [discovery.py:98] Starting URL discovery from: https://collegedunia.com/india-colleges
[2026-07-11 11:55:17] INFO [discovery.py:118] Launching browser for discovery...
[2026-07-11 11:55:17] INFO [discovery.py:126] Navigating to https://collegedunia.com/india-colleges...
[2026-07-11 11:55:23] INFO [discovery.py:156] Discovered: https://collegedunia.com/university/25455-iit-delhi-indian-institute-of-technology-iitd-new-delhi
[2026-07-11 11:55:23] INFO [discovery.py:273] Saved 1 URLs to E:\amar\development\one-co\urls\college_urls.csv
[2026-07-11 11:55:23] INFO [main.py:280] Stage 2: Downloading subpages up to 1 colleges...
[2026-07-11 11:55:23] INFO [downloader.py:272] Preparing to download pages for 1 colleges.
[2026-07-11 11:55:24] INFO [downloader.py:290] --- Processing College 1/1: iit-delhi-indian-institute-of-technology-iitd-new-delhi (ID: 25455) ---
[2026-07-11 11:55:24] INFO [downloader.py:207] Downloading info from https://collegedunia.com/university/25455-iit-delhi-indian-institute-of-technology-iitd-new-delhi
[2026-07-11 11:55:29] INFO [downloader.py:238] Successfully saved E:\amar\development\one-co\html\info\25455_iit-delhi-indian-institute-of-technology-iitd-new-delhi.html (1011404 bytes)
[2026-07-11 11:55:29] INFO [downloader.py:242] Sleeping for 3.20s...
[2026-07-11 11:55:32] INFO [downloader.py:207] Downloading courses from https://collegedunia.com/university/25455-iit-delhi-indian-institute-of-technology-iitd-new-delhi/courses-fees
[2026-07-11 11:55:35] INFO [downloader.py:91] Scrolling and expanding page content...
[2026-07-11 11:55:45] INFO [downloader.py:153] Clicked expand button: view more courses
[2026-07-11 11:55:47] INFO [downloader.py:153] Clicked expand button: view more courses
[2026-07-11 11:55:48] INFO [downloader.py:153] Clicked expand button: view more courses
[2026-07-11 11:55:50] INFO [downloader.py:153] Clicked expand button: ...read more
[2026-07-11 11:55:52] INFO [downloader.py:153] Clicked expand button: ...read more
[2026-07-11 11:55:53] INFO [downloader.py:153] Clicked expand button: read more
[2026-07-11 11:55:55] INFO [downloader.py:176] Found 29 course info/toggle sections to check.
[2026-07-11 11:55:55] INFO [downloader.py:188] Expanded a collapsed course section.
[2026-07-11 11:55:56] INFO [downloader.py:188] Expanded a collapsed course section.
[2026-07-11 11:55:58] INFO [downloader.py:188] Expanded a collapsed course section.
[2026-07-11 11:55:59] INFO [downloader.py:188] Expanded a collapsed course section.
[2026-07-11 11:56:00] INFO [downloader.py:188] Expanded a collapsed course section.
[2026-07-11 11:56:01] INFO [downloader.py:188] Expanded a collapsed course section.
[2026-07-11 11:56:02] INFO [downloader.py:188] Expanded a collapsed course section.
[2026-07-11 11:56:03] INFO [downloader.py:188] Expanded a collapsed course section.
[2026-07-11 11:56:04] INFO [downloader.py:188] Expanded a collapsed course section.
[2026-07-11 11:56:06] INFO [downloader.py:238] Successfully saved E:\amar\development\one-co\html\courses\25455_iit-delhi-indian-institute-of-technology-iitd-new-delhi.html (1472532 bytes)
[2026-07-11 11:56:06] INFO [downloader.py:242] Sleeping for 3.98s...
[2026-07-11 11:56:10] INFO [downloader.py:207] Downloading admissions from https://collegedunia.com/university/25455-iit-delhi-indian-institute-of-technology-iitd-new-delhi/admission
[2026-07-11 11:56:13] INFO [downloader.py:238] Successfully saved E:\amar\development\one-co\html\admissions\25455_iit-delhi-indian-institute-of-technology-iitd-new-delhi.html (1015836 bytes)
[2026-07-11 11:56:13] INFO [downloader.py:242] Sleeping for 3.65s...
[2026-07-11 11:56:17] INFO [downloader.py:207] Downloading placements from https://collegedunia.com/university/25455-iit-delhi-indian-institute-of-technology-iitd-new-delhi/placement
[2026-07-11 11:56:19] INFO [downloader.py:91] Scrolling and expanding page content...
[2026-07-11 11:56:30] INFO [downloader.py:153] Clicked expand button: read more
[2026-07-11 11:56:31] INFO [downloader.py:153] Clicked expand button: read more
[2026-07-11 11:56:33] INFO [downloader.py:238] Successfully saved E:\amar\development\one-co\html\placements\25455_iit-delhi-indian-institute-of-technology-iitd-new-delhi.html (874870 bytes)
[2026-07-11 11:56:33] INFO [downloader.py:242] Sleeping for 2.78s...
[2026-07-11 11:56:36] INFO [downloader.py:207] Downloading reviews from https://collegedunia.com/university/25455-iit-delhi-indian-institute-of-technology-iitd-new-delhi/reviews
[2026-07-11 11:56:38] INFO [downloader.py:91] Scrolling and expanding page content...
[2026-07-11 11:56:48] INFO [downloader.py:153] Clicked expand button: ...read more
[2026-07-11 11:56:50] WARNING [downloader.py:158] Clicking '...read more' navigated to invalid URL https://collegedunia.com/qna/question/33496-how-are-the-iit-delhi-hostel-rooms. Going back...
[2026-07-11 11:56:51] INFO [downloader.py:238] Successfully saved E:\amar\development\one-co\html\reviews\25455_iit-delhi-indian-institute-of-technology-iitd-new-delhi.html (563300 bytes)
[2026-07-11 11:56:51] INFO [downloader.py:242] Sleeping for 4.00s...
[2026-07-11 11:56:55] INFO [downloader.py:207] Downloading faculty from https://collegedunia.com/university/25455-iit-delhi-indian-institute-of-technology-iitd-new-delhi/faculty
[2026-07-11 11:56:59] INFO [downloader.py:91] Scrolling and expanding page content...
[2026-07-11 11:57:09] INFO [downloader.py:153] Clicked expand button: ...read more
[2026-07-11 11:57:10] INFO [downloader.py:153] Clicked expand button: ...read more
[2026-07-11 11:57:12] WARNING [downloader.py:158] Clicking '...read more' navigated to invalid URL https://collegedunia.com/qna?question_id=935. Going back...
[2026-07-11 11:57:13] INFO [downloader.py:153] Clicked expand button: ...read more
[2026-07-11 11:57:15] WARNING [downloader.py:158] Clicking '...read more' navigated to invalid URL https://collegedunia.com/qna/question/30443-how-is-the-faculty-at-the-iit-delhi-compared-to-that-of-the-iit-bombay. Going back...
[2026-07-11 11:57:17] INFO [downloader.py:153] Clicked expand button: ...read more
[2026-07-11 11:57:18] WARNING [downloader.py:158] Clicking '...read more' navigated to invalid URL https://collegedunia.com/qna?question_id=935. Going back...
[2026-07-11 11:57:20] INFO [downloader.py:153] Clicked expand button: ...read more
[2026-07-11 11:57:21] WARNING [downloader.py:158] Clicking '...read more' navigated to invalid URL https://collegedunia.com/qna/question/35945-how-is-the-faculty-at-iit-delhi. Going back...
[2026-07-11 11:57:23] INFO [downloader.py:153] Clicked expand button: ...read more
[2026-07-11 11:57:24] INFO [downloader.py:153] Clicked expand button: ...read more
[2026-07-11 11:57:26] WARNING [downloader.py:158] Clicking '...read more' navigated to invalid URL https://collegedunia.com/qna?question_id=935. Going back...
[2026-07-11 11:57:28] INFO [downloader.py:153] Clicked expand button: ...read more
[2026-07-11 11:57:29] WARNING [downloader.py:158] Clicking '...read more' navigated to invalid URL https://collegedunia.com/qna/question/30443-how-is-the-faculty-at-the-iit-delhi-compared-to-that-of-the-iit-bombay. Going back...
[2026-07-11 11:57:31] INFO [downloader.py:153] Clicked expand button: ...read more
[2026-07-11 11:57:32] WARNING [downloader.py:158] Clicking '...read more' navigated to invalid URL https://collegedunia.com/qna?question_id=935. Going back...
[2026-07-11 11:57:34] INFO [downloader.py:153] Clicked expand button: ...read more
[2026-07-11 11:57:35] WARNING [downloader.py:158] Clicking '...read more' navigated to invalid URL https://collegedunia.com/qna/question/35945-how-is-the-faculty-at-iit-delhi. Going back...
[2026-07-11 11:57:37] INFO [downloader.py:153] Clicked expand button: ...read more
[2026-07-11 11:57:39] INFO [downloader.py:153] Clicked expand button: ...read more
[2026-07-11 11:57:40] WARNING [downloader.py:158] Clicking '...read more' navigated to invalid URL https://collegedunia.com/qna?question_id=935. Going back...
[2026-07-11 11:57:42] INFO [downloader.py:153] Clicked expand button: ...read more
[2026-07-11 11:57:43] WARNING [downloader.py:158] Clicking '...read more' navigated to invalid URL https://collegedunia.com/qna/question/30443-how-is-the-faculty-at-the-iit-delhi-compared-to-that-of-the-iit-bombay. Going back...
[2026-07-11 11:57:45] INFO [downloader.py:153] Clicked expand button: ...read more
[2026-07-11 11:57:46] WARNING [downloader.py:158] Clicking '...read more' navigated to invalid URL https://collegedunia.com/qna?question_id=935. Going back...
[2026-07-11 11:57:48] INFO [downloader.py:153] Clicked expand button: ...read more
[2026-07-11 11:57:50] WARNING [downloader.py:158] Clicking '...read more' navigated to invalid URL https://collegedunia.com/qna/question/35945-how-is-the-faculty-at-iit-delhi. Going back...
[2026-07-11 11:57:51] INFO [downloader.py:153] Clicked expand button: ...read more
[2026-07-11 11:57:53] INFO [downloader.py:153] Clicked expand button: ...read more
[2026-07-11 11:57:54] WARNING [downloader.py:158] Clicking '...read more' navigated to invalid URL https://collegedunia.com/qna?question_id=935. Going back...
[2026-07-11 11:57:56] INFO [downloader.py:153] Clicked expand button: ...read more
[2026-07-11 11:57:58] WARNING [downloader.py:158] Clicking '...read more' navigated to invalid URL https://collegedunia.com/qna/question/30443-how-is-the-faculty-at-the-iit-delhi-compared-to-that-of-the-iit-bombay. Going back...
[2026-07-11 11:57:59] INFO [downloader.py:153] Clicked expand button: ...read more
[2026-07-11 11:58:01] WARNING [downloader.py:158] Clicking '...read more' navigated to invalid URL https://collegedunia.com/qna?question_id=935. Going back...
[2026-07-11 11:58:02] INFO [downloader.py:153] Clicked expand button: ...read more
[2026-07-11 11:58:04] WARNING [downloader.py:158] Clicking '...read more' navigated to invalid URL https://collegedunia.com/qna/question/35945-how-is-the-faculty-at-iit-delhi. Going back...
[2026-07-11 11:58:06] INFO [downloader.py:153] Clicked expand button: ...read more
[2026-07-11 11:58:07] INFO [downloader.py:153] Clicked expand button: ...read more
[2026-07-11 11:58:09] WARNING [downloader.py:158] Clicking '...read more' navigated to invalid URL https://collegedunia.com/qna?question_id=935. Going back...
[2026-07-11 11:58:10] INFO [downloader.py:153] Clicked expand button: ...read more
[2026-07-11 11:58:12] WARNING [downloader.py:158] Clicking '...read more' navigated to invalid URL https://collegedunia.com/qna/question/30443-how-is-the-faculty-at-the-iit-delhi-compared-to-that-of-the-iit-bombay. Going back...
[2026-07-11 11:58:13] INFO [downloader.py:153] Clicked expand button: ...read more
[2026-07-11 11:58:15] WARNING [downloader.py:158] Clicking '...read more' navigated to invalid URL https://collegedunia.com/qna?question_id=935. Going back...
[2026-07-11 11:58:17] INFO [downloader.py:153] Clicked expand button: ...read more
[2026-07-11 11:58:18] WARNING [downloader.py:158] Clicking '...read more' navigated to invalid URL https://collegedunia.com/qna/question/35945-how-is-the-faculty-at-iit-delhi. Going back...
[2026-07-11 11:58:20] INFO [downloader.py:153] Clicked expand button: ...read more
[2026-07-11 11:58:21] INFO [downloader.py:153] Clicked expand button: ...read more
[2026-07-11 11:58:23] WARNING [downloader.py:158] Clicking '...read more' navigated to invalid URL https://collegedunia.com/qna?question_id=935. Going back...
[2026-07-11 11:58:25] INFO [downloader.py:153] Clicked expand button: ...read more
[2026-07-11 11:58:26] WARNING [downloader.py:158] Clicking '...read more' navigated to invalid URL https://collegedunia.com/qna/question/30443-how-is-the-faculty-at-the-iit-delhi-compared-to-that-of-the-iit-bombay. Going back...
[2026-07-11 11:58:28] INFO [downloader.py:153] Clicked expand button: ...read more
[2026-07-11 11:58:29] WARNING [downloader.py:158] Clicking '...read more' navigated to invalid URL https://collegedunia.com/qna?question_id=935. Going back...
[2026-07-11 11:58:31] INFO [downloader.py:153] Clicked expand button: ...read more
[2026-07-11 11:58:32] WARNING [downloader.py:158] Clicking '...read more' navigated to invalid URL https://collegedunia.com/qna/question/35945-how-is-the-faculty-at-iit-delhi. Going back...
[2026-07-11 11:58:34] INFO [downloader.py:153] Clicked expand button: ...read more
[2026-07-11 11:58:36] INFO [downloader.py:153] Clicked expand button: ...read more
[2026-07-11 11:58:37] WARNING [downloader.py:158] Clicking '...read more' navigated to invalid URL https://collegedunia.com/qna?question_id=935. Going back...
[2026-07-11 11:58:39] INFO [downloader.py:153] Clicked expand button: ...read more
[2026-07-11 11:58:40] WARNING [downloader.py:158] Clicking '...read more' navigated to invalid URL https://collegedunia.com/qna/question/30443-how-is-the-faculty-at-the-iit-delhi-compared-to-that-of-the-iit-bombay. Going back...
[2026-07-11 11:58:42] INFO [downloader.py:153] Clicked expand button: ...read more
[2026-07-11 11:58:43] WARNING [downloader.py:158] Clicking '...read more' navigated to invalid URL https://collegedunia.com/qna?question_id=935. Going back...
[2026-07-11 11:58:45] INFO [downloader.py:153] Clicked expand button: ...read more
[2026-07-11 11:58:47] WARNING [downloader.py:158] Clicking '...read more' navigated to invalid URL https://collegedunia.com/qna/question/35945-how-is-the-faculty-at-iit-delhi. Going back...
[2026-07-11 11:58:48] INFO [downloader.py:153] Clicked expand button: ...read more
[2026-07-11 11:58:50] INFO [downloader.py:153] Clicked expand button: ...read more
[2026-07-11 11:58:51] WARNING [downloader.py:158] Clicking '...read more' navigated to invalid URL https://collegedunia.com/qna?question_id=935. Going back...
[2026-07-11 11:58:53] INFO [downloader.py:153] Clicked expand button: ...read more
[2026-07-11 11:58:54] WARNING [downloader.py:158] Clicking '...read more' navigated to invalid URL https://collegedunia.com/qna/question/30443-how-is-the-faculty-at-the-iit-delhi-compared-to-that-of-the-iit-bombay. Going back...
[2026-07-11 11:58:56] INFO [downloader.py:153] Clicked expand button: ...read more
[2026-07-11 11:58:58] WARNING [downloader.py:158] Clicking '...read more' navigated to invalid URL https://collegedunia.com/qna?question_id=935. Going back...
[2026-07-11 11:58:59] INFO [downloader.py:153] Clicked expand button: ...read more
[2026-07-11 11:59:01] WARNING [downloader.py:158] Clicking '...read more' navigated to invalid URL https://collegedunia.com/qna/question/35945-how-is-the-faculty-at-iit-delhi. Going back...
[2026-07-11 11:59:02] INFO [downloader.py:153] Clicked expand button: ...read more
[2026-07-11 11:59:04] INFO [downloader.py:153] Clicked expand button: ...read more
[2026-07-11 11:59:05] WARNING [downloader.py:158] Clicking '...read more' navigated to invalid URL https://collegedunia.com/qna?question_id=935. Going back...
[2026-07-11 11:59:07] INFO [downloader.py:153] Clicked expand button: ...read more
[2026-07-11 11:59:09] WARNING [downloader.py:158] Clicking '...read more' navigated to invalid URL https://collegedunia.com/qna/question/30443-how-is-the-faculty-at-the-iit-delhi-compared-to-that-of-the-iit-bombay. Going back...
[2026-07-11 11:59:10] INFO [downloader.py:153] Clicked expand button: ...read more
[2026-07-11 11:59:12] WARNING [downloader.py:158] Clicking '...read more' navigated to invalid URL https://collegedunia.com/qna?question_id=935. Going back...
[2026-07-11 11:59:13] INFO [downloader.py:153] Clicked expand button: ...read more
[2026-07-11 11:59:15] WARNING [downloader.py:158] Clicking '...read more' navigated to invalid URL https://collegedunia.com/qna/question/35945-how-is-the-faculty-at-iit-delhi. Going back...
[2026-07-11 11:59:17] INFO [downloader.py:153] Clicked expand button: ...read more
[2026-07-11 11:59:18] INFO [downloader.py:153] Clicked expand button: ...read more
[2026-07-11 11:59:20] WARNING [downloader.py:158] Clicking '...read more' navigated to invalid URL https://collegedunia.com/qna?question_id=935. Going back...
[2026-07-11 11:59:21] INFO [downloader.py:153] Clicked expand button: ...read more
[2026-07-11 11:59:23] WARNING [downloader.py:158] Clicking '...read more' navigated to invalid URL https://collegedunia.com/qna/question/30443-how-is-the-faculty-at-the-iit-delhi-compared-to-that-of-the-iit-bombay. Going back...
[2026-07-11 11:59:24] INFO [downloader.py:153] Clicked expand button: ...read more
[2026-07-11 11:59:26] WARNING [downloader.py:158] Clicking '...read more' navigated to invalid URL https://collegedunia.com/qna?question_id=935. Going back...
[2026-07-11 11:59:28] INFO [downloader.py:153] Clicked expand button: ...read more
[2026-07-11 11:59:29] WARNING [downloader.py:158] Clicking '...read more' navigated to invalid URL https://collegedunia.com/qna/question/35945-how-is-the-faculty-at-iit-delhi. Going back...
[2026-07-11 11:59:31] INFO [downloader.py:153] Clicked expand button: ...read more
[2026-07-11 11:59:32] INFO [downloader.py:153] Clicked expand button: ...read more
[2026-07-11 11:59:34] WARNING [downloader.py:158] Clicking '...read more' navigated to invalid URL https://collegedunia.com/qna?question_id=935. Going back...
[2026-07-11 11:59:35] INFO [downloader.py:153] Clicked expand button: ...read more
[2026-07-11 11:59:37] WARNING [downloader.py:158] Clicking '...read more' navigated to invalid URL https://collegedunia.com/qna/question/30443-how-is-the-faculty-at-the-iit-delhi-compared-to-that-of-the-iit-bombay. Going back...
[2026-07-11 11:59:39] INFO [downloader.py:153] Clicked expand button: ...read more
[2026-07-11 11:59:40] WARNING [downloader.py:158] Clicking '...read more' navigated to invalid URL https://collegedunia.com/qna?question_id=935. Going back...
[2026-07-11 11:59:42] INFO [downloader.py:153] Clicked expand button: ...read more
[2026-07-11 11:59:43] WARNING [downloader.py:158] Clicking '...read more' navigated to invalid URL https://collegedunia.com/qna/question/35945-how-is-the-faculty-at-iit-delhi. Going back...
[2026-07-11 11:59:45] INFO [downloader.py:153] Clicked expand button: ...read more
[2026-07-11 11:59:46] INFO [downloader.py:153] Clicked expand button: ...read more
[2026-07-11 11:59:48] WARNING [downloader.py:158] Clicking '...read more' navigated to invalid URL https://collegedunia.com/qna?question_id=935. Going back...
[2026-07-11 11:59:50] INFO [downloader.py:153] Clicked expand button: ...read more
[2026-07-11 11:59:51] WARNING [downloader.py:158] Clicking '...read more' navigated to invalid URL https://collegedunia.com/qna/question/30443-how-is-the-faculty-at-the-iit-delhi-compared-to-that-of-the-iit-bombay. Going back...
[2026-07-11 11:59:53] INFO [downloader.py:153] Clicked expand button: ...read more
[2026-07-11 11:59:54] WARNING [downloader.py:158] Clicking '...read more' navigated to invalid URL https://collegedunia.com/qna?question_id=935. Going back...
[2026-07-11 11:59:56] INFO [downloader.py:153] Clicked expand button: ...read more
[2026-07-11 11:59:57] WARNING [downloader.py:158] Clicking '...read more' navigated to invalid URL https://collegedunia.com/qna/question/35945-how-is-the-faculty-at-iit-delhi. Going back...
[2026-07-11 11:59:59] INFO [downloader.py:153] Clicked expand button: ...read more
[2026-07-11 12:00:01] INFO [downloader.py:153] Clicked expand button: ...read more
[2026-07-11 12:00:02] WARNING [downloader.py:158] Clicking '...read more' navigated to invalid URL https://collegedunia.com/qna?question_id=935. Going back...
[2026-07-11 12:00:04] INFO [downloader.py:153] Clicked expand button: ...read more
[2026-07-11 12:00:05] WARNING [downloader.py:158] Clicking '...read more' navigated to invalid URL https://collegedunia.com/qna/question/30443-how-is-the-faculty-at-the-iit-delhi-compared-to-that-of-the-iit-bombay. Going back...
[2026-07-11 12:00:07] INFO [downloader.py:153] Clicked expand button: ...read more
[2026-07-11 12:00:09] WARNING [downloader.py:158] Clicking '...read more' navigated to invalid URL https://collegedunia.com/qna?question_id=935. Going back...
[2026-07-11 12:00:10] INFO [downloader.py:153] Clicked expand button: ...read more
[2026-07-11 12:00:12] WARNING [downloader.py:158] Clicking '...read more' navigated to invalid URL https://collegedunia.com/qna/question/35945-how-is-the-faculty-at-iit-delhi. Going back...
[2026-07-11 12:00:13] INFO [downloader.py:153] Clicked expand button: ...read more
[2026-07-11 12:00:15] INFO [downloader.py:153] Clicked expand button: ...read more
[2026-07-11 12:00:16] WARNING [downloader.py:158] Clicking '...read more' navigated to invalid URL https://collegedunia.com/qna?question_id=935. Going back...
[2026-07-11 12:00:18] INFO [downloader.py:153] Clicked expand button: ...read more
[2026-07-11 12:00:20] WARNING [downloader.py:158] Clicking '...read more' navigated to invalid URL https://collegedunia.com/qna/question/30443-how-is-the-faculty-at-the-iit-delhi-compared-to-that-of-the-iit-bombay. Going back...
[2026-07-11 12:00:21] INFO [downloader.py:153] Clicked expand button: ...read more
[2026-07-11 12:00:23] WARNING [downloader.py:158] Clicking '...read more' navigated to invalid URL https://collegedunia.com/qna?question_id=935. Going back...
[2026-07-11 12:00:24] INFO [downloader.py:153] Clicked expand button: ...read more
[2026-07-11 12:00:26] WARNING [downloader.py:158] Clicking '...read more' navigated to invalid URL https://collegedunia.com/qna/question/35945-how-is-the-faculty-at-iit-delhi. Going back...
[2026-07-11 12:00:27] INFO [downloader.py:153] Clicked expand button: ...read more
[2026-07-11 12:00:29] INFO [downloader.py:238] Successfully saved E:\amar\development\one-co\html\faculty\25455_iit-delhi-indian-institute-of-technology-iitd-new-delhi.html (1207011 bytes)
[2026-07-11 12:00:29] INFO [downloader.py:242] Sleeping for 2.56s...
[2026-07-11 12:00:32] INFO [downloader.py:207] Downloading scholarships from https://collegedunia.com/university/25455-iit-delhi-indian-institute-of-technology-iitd-new-delhi/scholarship
[2026-07-11 12:00:36] INFO [downloader.py:91] Scrolling and expanding page content...
[2026-07-11 12:00:46] INFO [downloader.py:153] Clicked expand button: read more
[2026-07-11 12:00:48] INFO [downloader.py:153] Clicked expand button: read more
[2026-07-11 12:00:50] INFO [downloader.py:153] Clicked expand button: ...read more
[2026-07-11 12:00:51] WARNING [downloader.py:158] Clicking '...read more' navigated to invalid URL https://collegedunia.com/qna?question_id=25302. Going back...
[2026-07-11 12:00:53] INFO [downloader.py:238] Successfully saved E:\amar\development\one-co\html\scholarships\25455_iit-delhi-indian-institute-of-technology-iitd-new-delhi.html (435336 bytes)
[2026-07-11 12:00:53] INFO [downloader.py:242] Sleeping for 2.44s...
[2026-07-11 12:00:55] INFO [downloader.py:207] Downloading hostel from https://collegedunia.com/university/25455-iit-delhi-indian-institute-of-technology-iitd-new-delhi/hostel
[2026-07-11 12:00:59] INFO [downloader.py:238] Successfully saved E:\amar\development\one-co\html\hostel\25455_iit-delhi-indian-institute-of-technology-iitd-new-delhi.html (565065 bytes)
[2026-07-11 12:00:59] INFO [downloader.py:242] Sleeping for 3.55s...
[2026-07-11 12:01:02] INFO [downloader.py:207] Downloading cutoff from https://collegedunia.com/university/25455-iit-delhi-indian-institute-of-technology-iitd-new-delhi/cutoff
[2026-07-11 12:01:06] INFO [downloader.py:238] Successfully saved E:\amar\development\one-co\html\cutoff\25455_iit-delhi-indian-institute-of-technology-iitd-new-delhi.html (2754876 bytes)
[2026-07-11 12:01:06] INFO [downloader.py:242] Sleeping for 3.79s...
[2026-07-11 12:01:12] INFO [downloader.py:298] Downloader task complete.
[2026-07-11 12:01:12] INFO [main.py:283] Stage 3: Parsing and exporting data...
[2026-07-11 12:01:14] INFO [main.py:64] Starting Stage 2: Offline parsing and export...
[2026-07-11 12:01:14] INFO [main.py:71] Found 1 college(s) to parse.
[2026-07-11 12:01:14] INFO [main.py:85] Parsing college: iit-delhi-indian-institute-of-technology-iitd-new-delhi (ID: 25455)
[2026-07-11 12:01:15] INFO [exporter.py:35] Starting data export process...
[2026-07-11 12:01:15] INFO [exporter.py:16] Saved 1 records to JSON: E:\amar\development\one-co\json_data\colleges.json
[2026-07-11 12:01:15] INFO [exporter.py:16] Saved 265 records to JSON: E:\amar\development\one-co\json_data\courses.json
[2026-07-11 12:01:15] INFO [exporter.py:16] Saved 1 records to JSON: E:\amar\development\one-co\json_data\admissions.json
[2026-07-11 12:01:15] INFO [exporter.py:16] Saved 1 records to JSON: E:\amar\development\one-co\json_data\placements.json
[2026-07-11 12:01:15] INFO [exporter.py:16] Saved 1 records to JSON: E:\amar\development\one-co\json_data\rankings.json
[2026-07-11 12:01:15] INFO [exporter.py:16] Saved 1 records to JSON: E:\amar\development\one-co\json_data\faculty.json
[2026-07-11 12:01:15] INFO [exporter.py:16] Saved 9 records to JSON: E:\amar\development\one-co\json_data\scholarships.json
[2026-07-11 12:01:15] INFO [exporter.py:16] Saved 1 records to JSON: E:\amar\development\one-co\json_data\hostel.json
[2026-07-11 12:01:15] INFO [exporter.py:16] Saved 2 records to JSON: E:\amar\development\one-co\json_data\reviews.json
[2026-07-11 12:01:16] INFO [exporter.py:84] Excel workbook compiled and saved successfully to: E:\amar\development\one-co\exports\all_colleges.xlsx
[2026-07-11 12:01:16] INFO [exporter.py:194] Saved college-wise Excel sheet: E:\amar\development\one-co\exports\colleges\25455_iit-delhi-indian-institute-of-technology-iitd-new-delhi.xlsx
[2026-07-11 12:01:16] INFO [main.py:243] Offline parsing and export complete.
[2026-07-11 12:01:16] INFO [main.py:273] 
========================================
STARTING BATCH: 2 Colleges (Max: 2)
========================================
[2026-07-11 12:01:16] INFO [main.py:277] Stage 1: Discovering up to 2 URLs...
[2026-07-11 12:01:16] INFO [discovery.py:98] Starting URL discovery from: https://collegedunia.com/india-colleges
[2026-07-11 12:01:16] INFO [discovery.py:113] Loaded 1 existing URLs from E:\amar\development\one-co\urls\college_urls.csv
[2026-07-11 12:01:16] INFO [discovery.py:118] Launching browser for discovery...
[2026-07-11 12:01:16] INFO [discovery.py:126] Navigating to https://collegedunia.com/india-colleges...
[2026-07-11 12:01:21] INFO [discovery.py:156] Discovered: https://collegedunia.com/university/25494-iima-indian-institute-of-management-ahmedabad
[2026-07-11 12:01:21] INFO [discovery.py:273] Saved 2 URLs to E:\amar\development\one-co\urls\college_urls.csv
[2026-07-11 12:01:21] INFO [main.py:280] Stage 2: Downloading subpages up to 2 colleges...
[2026-07-11 12:01:21] INFO [downloader.py:272] Preparing to download pages for 2 colleges.
[2026-07-11 12:01:22] INFO [downloader.py:290] --- Processing College 1/2: iit-delhi-indian-institute-of-technology-iitd-new-delhi (ID: 25455) ---
[2026-07-11 12:01:22] INFO [downloader.py:204] Skipping already downloaded subpage: info -> 25455_iit-delhi-indian-institute-of-technology-iitd-new-delhi.html
[2026-07-11 12:01:22] INFO [downloader.py:204] Skipping already downloaded subpage: courses -> 25455_iit-delhi-indian-institute-of-technology-iitd-new-delhi.html
[2026-07-11 12:01:22] INFO [downloader.py:204] Skipping already downloaded subpage: admissions -> 25455_iit-delhi-indian-institute-of-technology-iitd-new-delhi.html
[2026-07-11 12:01:22] INFO [downloader.py:204] Skipping already downloaded subpage: placements -> 25455_iit-delhi-indian-institute-of-technology-iitd-new-delhi.html
[2026-07-11 12:01:22] INFO [downloader.py:204] Skipping already downloaded subpage: reviews -> 25455_iit-delhi-indian-institute-of-technology-iitd-new-delhi.html
[2026-07-11 12:01:22] INFO [downloader.py:204] Skipping already downloaded subpage: faculty -> 25455_iit-delhi-indian-institute-of-technology-iitd-new-delhi.html
[2026-07-11 12:01:22] INFO [downloader.py:204] Skipping already downloaded subpage: scholarships -> 25455_iit-delhi-indian-institute-of-technology-iitd-new-delhi.html
[2026-07-11 12:01:22] INFO [downloader.py:204] Skipping already downloaded subpage: hostel -> 25455_iit-delhi-indian-institute-of-technology-iitd-new-delhi.html
[2026-07-11 12:01:22] INFO [downloader.py:204] Skipping already downloaded subpage: cutoff -> 25455_iit-delhi-indian-institute-of-technology-iitd-new-delhi.html
[2026-07-11 12:01:22] INFO [downloader.py:290] --- Processing College 2/2: iima-indian-institute-of-management-ahmedabad (ID: 25494) ---
[2026-07-11 12:01:22] INFO [downloader.py:207] Downloading info from https://collegedunia.com/university/25494-iima-indian-institute-of-management-ahmedabad
[2026-07-11 12:01:31] INFO [downloader.py:238] Successfully saved E:\amar\development\one-co\html\info\25494_iima-indian-institute-of-management-ahmedabad.html (922507 bytes)
[2026-07-11 12:01:31] INFO [downloader.py:242] Sleeping for 3.10s...
[2026-07-11 12:01:34] INFO [downloader.py:207] Downloading courses from https://collegedunia.com/university/25494-iima-indian-institute-of-management-ahmedabad/courses-fees
[2026-07-11 12:01:36] INFO [downloader.py:91] Scrolling and expanding page content...
[2026-07-11 12:01:47] INFO [downloader.py:153] Clicked expand button: view more courses
[2026-07-11 12:01:48] INFO [downloader.py:153] Clicked expand button: view more courses
[2026-07-11 12:01:50] INFO [downloader.py:153] Clicked expand button: ...read more
[2026-07-11 12:01:52] INFO [downloader.py:153] Clicked expand button: ...read more
[2026-07-11 12:01:53] INFO [downloader.py:153] Clicked expand button: ...read more
[2026-07-11 12:01:55] WARNING [downloader.py:158] Clicking '...read more' navigated to invalid URL https://collegedunia.com/qna?question_id=26436. Going back...
[2026-07-11 12:01:56] INFO [downloader.py:153] Clicked expand button: read more
[2026-07-11 12:01:58] INFO [downloader.py:153] Clicked expand button: ...read more
[2026-07-11 12:01:59] WARNING [downloader.py:158] Clicking '...read more' navigated to invalid URL https://collegedunia.com/qna?question_id=26123. Going back...
[2026-07-11 12:02:01] INFO [downloader.py:153] Clicked expand button: ...read more
[2026-07-11 12:02:02] WARNING [downloader.py:158] Clicking '...read more' navigated to invalid URL https://collegedunia.com/qna?question_id=26436. Going back...
[2026-07-11 12:02:04] INFO [downloader.py:153] Clicked expand button: ...read more
[2026-07-11 12:02:06] WARNING [downloader.py:158] Clicking '...read more' navigated to invalid URL https://collegedunia.com/qna?question_id=26123. Going back...
[2026-07-11 12:02:07] INFO [downloader.py:153] Clicked expand button: ...read more
[2026-07-11 12:02:09] WARNING [downloader.py:158] Clicking '...read more' navigated to invalid URL https://collegedunia.com/qna?question_id=7073. Going back...
[2026-07-11 12:02:10] INFO [downloader.py:153] Clicked expand button: ...read more
[2026-07-11 12:02:12] WARNING [downloader.py:158] Clicking '...read more' navigated to invalid URL https://collegedunia.com/qna?question_id=23087. Going back...
[2026-07-11 12:02:13] INFO [downloader.py:153] Clicked expand button: ...read more
[2026-07-11 12:02:15] WARNING [downloader.py:158] Clicking '...read more' navigated to invalid URL https://collegedunia.com/qna?question_id=5660. Going back...
[2026-07-11 12:02:17] INFO [downloader.py:153] Clicked expand button: ...read more
[2026-07-11 12:02:18] WARNING [downloader.py:158] Clicking '...read more' navigated to invalid URL https://collegedunia.com/qna?question_id=5659. Going back...
[2026-07-11 12:02:20] INFO [downloader.py:153] Clicked expand button: ...read more
[2026-07-11 12:02:21] WARNING [downloader.py:158] Clicking '...read more' navigated to invalid URL https://collegedunia.com/qna?question_id=5986. Going back...
[2026-07-11 12:02:23] INFO [downloader.py:153] Clicked expand button: ...read more
[2026-07-11 12:02:24] WARNING [downloader.py:158] Clicking '...read more' navigated to invalid URL https://collegedunia.com/qna?question_id=7074. Going back...
[2026-07-11 12:02:26] INFO [downloader.py:153] Clicked expand button: view more courses
[2026-07-11 12:02:28] INFO [downloader.py:153] Clicked expand button: view more courses
[2026-07-11 12:02:29] INFO [downloader.py:153] Clicked expand button: ...read more
[2026-07-11 12:02:31] INFO [downloader.py:153] Clicked expand button: ...read more
[2026-07-11 12:02:33] INFO [downloader.py:153] Clicked expand button: ...read more
[2026-07-11 12:02:34] WARNING [downloader.py:158] Clicking '...read more' navigated to invalid URL https://collegedunia.com/qna?question_id=26436. Going back...
[2026-07-11 12:02:36] INFO [downloader.py:153] Clicked expand button: read more
[2026-07-11 12:02:37] INFO [downloader.py:153] Clicked expand button: ...read more
[2026-07-11 12:02:39] WARNING [downloader.py:158] Clicking '...read more' navigated to invalid URL https://collegedunia.com/qna?question_id=26123. Going back...
[2026-07-11 12:02:40] INFO [downloader.py:153] Clicked expand button: ...read more
[2026-07-11 12:02:42] WARNING [downloader.py:158] Clicking '...read more' navigated to invalid URL https://collegedunia.com/qna?question_id=26436. Going back...
[2026-07-11 12:02:44] INFO [downloader.py:153] Clicked expand button: ...read more
[2026-07-11 12:02:45] WARNING [downloader.py:158] Clicking '...read more' navigated to invalid URL https://collegedunia.com/qna?question_id=26123. Going back...
[2026-07-11 12:02:47] INFO [downloader.py:153] Clicked expand button: ...read more
[2026-07-11 12:02:48] WARNING [downloader.py:158] Clicking '...read more' navigated to invalid URL https://collegedunia.com/qna?question_id=7073. Going back...
[2026-07-11 12:02:50] INFO [downloader.py:153] Clicked expand button: read more
[2026-07-11 12:02:51] INFO [downloader.py:153] Clicked expand button: read more
[2026-07-11 12:02:53] INFO [downloader.py:176] Found 0 course info/toggle sections to check.
[2026-07-11 12:02:53] INFO [downloader.py:238] Successfully saved E:\amar\development\one-co\html\courses\25494_iima-indian-institute-of-management-ahmedabad.html (734167 bytes)
[2026-07-11 12:02:53] INFO [downloader.py:242] Sleeping for 3.62s...
[2026-07-11 12:02:57] INFO [downloader.py:207] Downloading admissions from https://collegedunia.com/university/25494-iima-indian-institute-of-management-ahmedabad/admission
[2026-07-11 12:03:01] INFO [downloader.py:238] Successfully saved E:\amar\development\one-co\html\admissions\25494_iima-indian-institute-of-management-ahmedabad.html (971649 bytes)
[2026-07-11 12:03:01] INFO [downloader.py:242] Sleeping for 3.14s...
[2026-07-11 12:03:04] INFO [downloader.py:207] Downloading placements from https://collegedunia.com/university/25494-iima-indian-institute-of-management-ahmedabad/placement
[2026-07-11 12:03:06] INFO [downloader.py:91] Scrolling and expanding page content...
[2026-07-11 12:03:17] INFO [downloader.py:153] Clicked expand button: read more
[2026-07-11 12:03:18] INFO [downloader.py:153] Clicked expand button: read more
[2026-07-11 12:03:20] INFO [downloader.py:153] Clicked expand button: ...read more
[2026-07-11 12:03:22] WARNING [downloader.py:158] Clicking '...read more' navigated to invalid URL https://collegedunia.com/qna?question_id=1255. Going back...
[2026-07-11 12:03:23] INFO [downloader.py:153] Clicked expand button: ...read more
[2026-07-11 12:03:25] WARNING [downloader.py:158] Clicking '...read more' navigated to invalid URL https://collegedunia.com/qna?question_id=22645. Going back...
[2026-07-11 12:03:26] INFO [downloader.py:153] Clicked expand button: ...read more
[2026-07-11 12:03:28] WARNING [downloader.py:158] Clicking '...read more' navigated to invalid URL https://collegedunia.com/qna?question_id=12215. Going back...
[2026-07-11 12:03:30] INFO [downloader.py:153] Clicked expand button: ...read more
[2026-07-11 12:03:31] WARNING [downloader.py:158] Clicking '...read more' navigated to invalid URL https://collegedunia.com/qna?question_id=1255. Going back...
[2026-07-11 12:03:33] INFO [downloader.py:153] Clicked expand button: ...read more
[2026-07-11 12:03:34] WARNING [downloader.py:158] Clicking '...read more' navigated to invalid URL https://collegedunia.com/qna?question_id=12255. Going back...
[2026-07-11 12:03:36] INFO [downloader.py:153] Clicked expand button: ...read more
[2026-07-11 12:03:37] WARNING [downloader.py:158] Clicking '...read more' navigated to invalid URL https://collegedunia.com/qna?question_id=7740. Going back...
[2026-07-11 12:03:39] INFO [downloader.py:153] Clicked expand button: read more
[2026-07-11 12:03:41] INFO [downloader.py:153] Clicked expand button: read more
[2026-07-11 12:03:42] INFO [downloader.py:153] Clicked expand button: read more
[2026-07-11 12:03:44] INFO [downloader.py:238] Successfully saved E:\amar\development\one-co\html\placements\25494_iima-indian-institute-of-management-ahmedabad.html (659827 bytes)
[2026-07-11 12:03:44] INFO [downloader.py:242] Sleeping for 3.96s...
[2026-07-11 12:03:48] INFO [downloader.py:207] Downloading reviews from https://collegedunia.com/university/25494-iima-indian-institute-of-management-ahmedabad/reviews
[2026-07-11 12:04:02] INFO [downloader.py:91] Scrolling and expanding page content...
[2026-07-11 12:04:12] INFO [downloader.py:153] Clicked expand button: ...read more
[2026-07-11 12:04:13] WARNING [downloader.py:158] Clicking '...read more' navigated to invalid URL https://collegedunia.com/qna?question_id=22645. Going back...
[2026-07-11 12:04:15] INFO [downloader.py:153] Clicked expand button: ...read more
[2026-07-11 12:04:16] WARNING [downloader.py:158] Clicking '...read more' navigated to invalid URL https://collegedunia.com/qna?question_id=12253. Going back...
[2026-07-11 12:04:18] INFO [downloader.py:153] Clicked expand button: ...read more
[2026-07-11 12:04:19] WARNING [downloader.py:158] Clicking '...read more' navigated to invalid URL https://collegedunia.com/qna?question_id=23591. Going back...
[2026-07-11 12:04:21] INFO [downloader.py:238] Successfully saved E:\amar\development\one-co\html\reviews\25494_iima-indian-institute-of-management-ahmedabad.html (592822 bytes)
[2026-07-11 12:04:21] INFO [downloader.py:242] Sleeping for 2.63s...
[2026-07-11 12:04:24] INFO [downloader.py:207] Downloading faculty from https://collegedunia.com/university/25494-iima-indian-institute-of-management-ahmedabad/faculty
[2026-07-11 12:04:29] INFO [downloader.py:91] Scrolling and expanding page content...
[2026-07-11 12:04:39] INFO [downloader.py:153] Clicked expand button: ...read more
[2026-07-11 12:04:40] INFO [downloader.py:153] Clicked expand button: ...read more
[2026-07-11 12:04:42] WARNING [downloader.py:158] Clicking '...read more' navigated to invalid URL https://collegedunia.com/qna?question_id=24547. Going back...
[2026-07-11 12:04:43] INFO [downloader.py:153] Clicked expand button: ...read more
[2026-07-11 12:04:45] WARNING [downloader.py:158] Clicking '...read more' navigated to invalid URL https://collegedunia.com/qna?question_id=5606. Going back...
[2026-07-11 12:04:47] INFO [downloader.py:153] Clicked expand button: ...read more
[2026-07-11 12:04:48] WARNING [downloader.py:158] Clicking '...read more' navigated to invalid URL https://collegedunia.com/qna?question_id=24547. Going back...
[2026-07-11 12:04:50] INFO [downloader.py:153] Clicked expand button: ...read more
[2026-07-11 12:04:51] WARNING [downloader.py:158] Clicking '...read more' navigated to invalid URL https://collegedunia.com/qna?question_id=5734. Going back...
[2026-07-11 12:04:53] INFO [downloader.py:153] Clicked expand button: ...read more
[2026-07-11 12:04:54] WARNING [downloader.py:158] Clicking '...read more' navigated to invalid URL https://collegedunia.com/qna/question/36009-how-is-the-faculty-at-iim-ahmedabad. Going back...
[2026-07-11 12:04:56] INFO [downloader.py:153] Clicked expand button: ...read more
[2026-07-11 12:04:58] INFO [downloader.py:153] Clicked expand button: ...read more
[2026-07-11 12:04:59] WARNING [downloader.py:158] Clicking '...read more' navigated to invalid URL https://collegedunia.com/qna?question_id=24547. Going back...
[2026-07-11 12:05:01] INFO [downloader.py:153] Clicked expand button: ...read more
[2026-07-11 12:05:02] WARNING [downloader.py:158] Clicking '...read more' navigated to invalid URL https://collegedunia.com/qna?question_id=5606. Going back...
[2026-07-11 12:05:04] INFO [downloader.py:153] Clicked expand button: ...read more
[2026-07-11 12:05:05] WARNING [downloader.py:158] Clicking '...read more' navigated to invalid URL https://collegedunia.com/qna?question_id=24547. Going back...
[2026-07-11 12:05:07] INFO [downloader.py:153] Clicked expand button: ...read more
[2026-07-11 12:05:09] WARNING [downloader.py:158] Clicking '...read more' navigated to invalid URL https://collegedunia.com/qna?question_id=5734. Going back...
[2026-07-11 12:05:10] INFO [downloader.py:153] Clicked expand button: ...read more
[2026-07-11 12:05:12] WARNING [downloader.py:158] Clicking '...read more' navigated to invalid URL https://collegedunia.com/qna/question/36009-how-is-the-faculty-at-iim-ahmedabad. Going back...
[2026-07-11 12:05:13] INFO [downloader.py:153] Clicked expand button: ...read more
[2026-07-11 12:05:15] INFO [downloader.py:153] Clicked expand button: ...read more
[2026-07-11 12:05:16] WARNING [downloader.py:158] Clicking '...read more' navigated to invalid URL https://collegedunia.com/qna?question_id=24547. Going back...
[2026-07-11 12:05:18] INFO [downloader.py:153] Clicked expand button: ...read more
[2026-07-11 12:05:20] WARNING [downloader.py:158] Clicking '...read more' navigated to invalid URL https://collegedunia.com/qna?question_id=5606. Going back...
[2026-07-11 12:05:21] INFO [downloader.py:153] Clicked expand button: ...read more
[2026-07-11 12:05:23] WARNING [downloader.py:158] Clicking '...read more' navigated to invalid URL https://collegedunia.com/qna?question_id=24547. Going back...
[2026-07-11 12:05:24] INFO [downloader.py:153] Clicked expand button: ...read more
[2026-07-11 12:05:26] WARNING [downloader.py:158] Clicking '...read more' navigated to invalid URL https://collegedunia.com/qna?question_id=5734. Going back...
[2026-07-11 12:05:27] INFO [downloader.py:153] Clicked expand button: ...read more
[2026-07-11 12:05:29] WARNING [downloader.py:158] Clicking '...read more' navigated to invalid URL https://collegedunia.com/qna/question/36009-how-is-the-faculty-at-iim-ahmedabad. Going back...
[2026-07-11 12:05:31] INFO [downloader.py:153] Clicked expand button: ...read more
[2026-07-11 12:05:32] INFO [downloader.py:153] Clicked expand button: ...read more
[2026-07-11 12:05:34] WARNING [downloader.py:158] Clicking '...read more' navigated to invalid URL https://collegedunia.com/qna?question_id=24547. Going back...
[2026-07-11 12:05:35] INFO [downloader.py:153] Clicked expand button: ...read more
[2026-07-11 12:05:37] WARNING [downloader.py:158] Clicking '...read more' navigated to invalid URL https://collegedunia.com/qna?question_id=5606. Going back...
[2026-07-11 12:05:39] INFO [downloader.py:153] Clicked expand button: ...read more
[2026-07-11 12:05:40] WARNING [downloader.py:158] Clicking '...read more' navigated to invalid URL https://collegedunia.com/qna?question_id=24547. Going back...
[2026-07-11 12:05:42] INFO [downloader.py:153] Clicked expand button: ...read more
[2026-07-11 12:05:43] WARNING [downloader.py:158] Clicking '...read more' navigated to invalid URL https://collegedunia.com/qna?question_id=5734. Going back...
[2026-07-11 12:05:45] INFO [downloader.py:153] Clicked expand button: ...read more
[2026-07-11 12:05:46] WARNING [downloader.py:158] Clicking '...read more' navigated to invalid URL https://collegedunia.com/qna/question/36009-how-is-the-faculty-at-iim-ahmedabad. Going back...
[2026-07-11 12:05:48] INFO [downloader.py:153] Clicked expand button: ...read more
[2026-07-11 12:05:50] INFO [downloader.py:153] Clicked expand button: ...read more
[2026-07-11 12:05:51] WARNING [downloader.py:158] Clicking '...read more' navigated to invalid URL https://collegedunia.com/qna?question_id=24547. Going back...
[2026-07-11 12:05:53] INFO [downloader.py:153] Clicked expand button: ...read more
[2026-07-11 12:05:54] WARNING [downloader.py:158] Clicking '...read more' navigated to invalid URL https://collegedunia.com/qna?question_id=5606. Going back...
[2026-07-11 12:05:56] INFO [downloader.py:153] Clicked expand button: ...read more
[2026-07-11 12:05:57] WARNING [downloader.py:158] Clicking '...read more' navigated to invalid URL https://collegedunia.com/qna?question_id=24547. Going back...
[2026-07-11 12:05:59] INFO [downloader.py:153] Clicked expand button: ...read more
[2026-07-11 12:06:00] WARNING [downloader.py:158] Clicking '...read more' navigated to invalid URL https://collegedunia.com/qna?question_id=5734. Going back...
[2026-07-11 12:06:02] INFO [downloader.py:153] Clicked expand button: ...read more
[2026-07-11 12:06:04] WARNING [downloader.py:158] Clicking '...read more' navigated to invalid URL https://collegedunia.com/qna/question/36009-how-is-the-faculty-at-iim-ahmedabad. Going back...
[2026-07-11 12:06:05] INFO [downloader.py:153] Clicked expand button: ...read more
[2026-07-11 12:06:07] INFO [downloader.py:153] Clicked expand button: ...read more
[2026-07-11 12:06:08] WARNING [downloader.py:158] Clicking '...read more' navigated to invalid URL https://collegedunia.com/qna?question_id=24547. Going back...
[2026-07-11 12:06:10] INFO [downloader.py:153] Clicked expand button: ...read more
[2026-07-11 12:06:11] WARNING [downloader.py:158] Clicking '...read more' navigated to invalid URL https://collegedunia.com/qna?question_id=5606. Going back...
[2026-07-11 12:06:13] INFO [downloader.py:153] Clicked expand button: ...read more
[2026-07-11 12:06:15] WARNING [downloader.py:158] Clicking '...read more' navigated to invalid URL https://collegedunia.com/qna?question_id=24547. Going back...
[2026-07-11 12:06:16] INFO [downloader.py:153] Clicked expand button: ...read more
[2026-07-11 12:06:18] WARNING [downloader.py:158] Clicking '...read more' navigated to invalid URL https://collegedunia.com/qna?question_id=5734. Going back...
[2026-07-11 12:06:19] INFO [downloader.py:153] Clicked expand button: ...read more
[2026-07-11 12:06:21] WARNING [downloader.py:158] Clicking '...read more' navigated to invalid URL https://collegedunia.com/qna/question/36009-how-is-the-faculty-at-iim-ahmedabad. Going back...
[2026-07-11 12:06:22] INFO [downloader.py:153] Clicked expand button: ...read more
[2026-07-11 12:06:24] INFO [downloader.py:153] Clicked expand button: ...read more
[2026-07-11 12:06:26] WARNING [downloader.py:158] Clicking '...read more' navigated to invalid URL https://collegedunia.com/qna?question_id=24547. Going back...
[2026-07-11 12:06:27] INFO [downloader.py:153] Clicked expand button: ...read more
[2026-07-11 12:06:29] WARNING [downloader.py:158] Clicking '...read more' navigated to invalid URL https://collegedunia.com/qna?question_id=5606. Going back...
[2026-07-11 12:06:30] INFO [downloader.py:153] Clicked expand button: ...read more
[2026-07-11 12:06:32] WARNING [downloader.py:158] Clicking '...read more' navigated to invalid URL https://collegedunia.com/qna?question_id=24547. Going back...
[2026-07-11 12:06:33] INFO [downloader.py:153] Clicked expand button: ...read more
[2026-07-11 12:06:35] WARNING [downloader.py:158] Clicking '...read more' navigated to invalid URL https://collegedunia.com/qna?question_id=5734. Going back...
[2026-07-11 12:06:37] INFO [downloader.py:153] Clicked expand button: ...read more
[2026-07-11 12:06:38] WARNING [downloader.py:158] Clicking '...read more' navigated to invalid URL https://collegedunia.com/qna/question/36009-how-is-the-faculty-at-iim-ahmedabad. Going back...
[2026-07-11 12:06:40] INFO [downloader.py:153] Clicked expand button: ...read more
[2026-07-11 12:06:41] INFO [downloader.py:153] Clicked expand button: ...read more
[2026-07-11 12:06:43] WARNING [downloader.py:158] Clicking '...read more' navigated to invalid URL https://collegedunia.com/qna?question_id=24547. Going back...
[2026-07-11 12:06:44] INFO [downloader.py:153] Clicked expand button: ...read more
[2026-07-11 12:06:46] WARNING [downloader.py:158] Clicking '...read more' navigated to invalid URL https://collegedunia.com/qna?question_id=5606. Going back...
[2026-07-11 12:06:48] INFO [downloader.py:153] Clicked expand button: ...read more
[2026-07-11 12:06:49] WARNING [downloader.py:158] Clicking '...read more' navigated to invalid URL https://collegedunia.com/qna?question_id=24547. Going back...
[2026-07-11 12:06:51] INFO [downloader.py:153] Clicked expand button: ...read more
[2026-07-11 12:06:52] WARNING [downloader.py:158] Clicking '...read more' navigated to invalid URL https://collegedunia.com/qna?question_id=5734. Going back...
[2026-07-11 12:06:54] INFO [downloader.py:153] Clicked expand button: ...read more
[2026-07-11 12:06:55] WARNING [downloader.py:158] Clicking '...read more' navigated to invalid URL https://collegedunia.com/qna/question/36009-how-is-the-faculty-at-iim-ahmedabad. Going back...
[2026-07-11 12:06:57] INFO [downloader.py:153] Clicked expand button: ...read more
[2026-07-11 12:06:59] INFO [downloader.py:153] Clicked expand button: ...read more
[2026-07-11 12:07:00] WARNING [downloader.py:158] Clicking '...read more' navigated to invalid URL https://collegedunia.com/qna?question_id=24547. Going back...
[2026-07-11 12:07:02] INFO [downloader.py:153] Clicked expand button: ...read more
[2026-07-11 12:07:03] WARNING [downloader.py:158] Clicking '...read more' navigated to invalid URL https://collegedunia.com/qna?question_id=5606. Going back...
[2026-07-11 12:07:05] INFO [downloader.py:153] Clicked expand button: ...read more
[2026-07-11 12:07:06] WARNING [downloader.py:158] Clicking '...read more' navigated to invalid URL https://collegedunia.com/qna?question_id=24547. Going back...
[2026-07-11 12:07:08] INFO [downloader.py:153] Clicked expand button: ...read more
[2026-07-11 12:07:10] WARNING [downloader.py:158] Clicking '...read more' navigated to invalid URL https://collegedunia.com/qna?question_id=5734. Going back...
[2026-07-11 12:07:11] INFO [downloader.py:153] Clicked expand button: ...read more
[2026-07-11 12:07:13] WARNING [downloader.py:158] Clicking '...read more' navigated to invalid URL https://collegedunia.com/qna/question/36009-how-is-the-faculty-at-iim-ahmedabad. Going back...
[2026-07-11 12:07:14] INFO [downloader.py:153] Clicked expand button: ...read more
[2026-07-11 12:07:16] INFO [downloader.py:153] Clicked expand button: ...read more
[2026-07-11 12:07:17] WARNING [downloader.py:158] Clicking '...read more' navigated to invalid URL https://collegedunia.com/qna?question_id=24547. Going back...
[2026-07-11 12:07:19] INFO [downloader.py:153] Clicked expand button: ...read more
[2026-07-11 12:07:21] WARNING [downloader.py:158] Clicking '...read more' navigated to invalid URL https://collegedunia.com/qna?question_id=5606. Going back...
[2026-07-11 12:07:22] INFO [downloader.py:153] Clicked expand button: ...read more
[2026-07-11 12:07:24] WARNING [downloader.py:158] Clicking '...read more' navigated to invalid URL https://collegedunia.com/qna?question_id=24547. Going back...
[2026-07-11 12:07:25] INFO [downloader.py:153] Clicked expand button: ...read more
[2026-07-11 12:07:27] WARNING [downloader.py:158] Clicking '...read more' navigated to invalid URL https://collegedunia.com/qna?question_id=5734. Going back...
[2026-07-11 12:07:28] INFO [downloader.py:153] Clicked expand button: ...read more
[2026-07-11 12:07:30] WARNING [downloader.py:158] Clicking '...read more' navigated to invalid URL https://collegedunia.com/qna/question/36009-how-is-the-faculty-at-iim-ahmedabad. Going back...
[2026-07-11 12:07:32] INFO [downloader.py:153] Clicked expand button: ...read more
[2026-07-11 12:07:33] INFO [downloader.py:153] Clicked expand button: ...read more
[2026-07-11 12:07:35] WARNING [downloader.py:158] Clicking '...read more' navigated to invalid URL https://collegedunia.com/qna?question_id=24547. Going back...
[2026-07-11 12:07:36] INFO [downloader.py:153] Clicked expand button: ...read more
[2026-07-11 12:07:38] WARNING [downloader.py:158] Clicking '...read more' navigated to invalid URL https://collegedunia.com/qna?question_id=5606. Going back...
[2026-07-11 12:07:40] INFO [downloader.py:153] Clicked expand button: ...read more
[2026-07-11 12:07:41] WARNING [downloader.py:158] Clicking '...read more' navigated to invalid URL https://collegedunia.com/qna?question_id=24547. Going back...
[2026-07-11 12:07:43] INFO [downloader.py:153] Clicked expand button: ...read more
[2026-07-11 12:07:44] WARNING [downloader.py:158] Clicking '...read more' navigated to invalid URL https://collegedunia.com/qna?question_id=5734. Going back...
[2026-07-11 12:07:46] INFO [downloader.py:153] Clicked expand button: ...read more
[2026-07-11 12:07:47] WARNING [downloader.py:158] Clicking '...read more' navigated to invalid URL https://collegedunia.com/qna/question/36009-how-is-the-faculty-at-iim-ahmedabad. Going back...
[2026-07-11 12:07:49] INFO [downloader.py:153] Clicked expand button: ...read more
[2026-07-11 12:07:51] INFO [downloader.py:153] Clicked expand button: ...read more
[2026-07-11 12:07:52] WARNING [downloader.py:158] Clicking '...read more' navigated to invalid URL https://collegedunia.com/qna?question_id=24547. Going back...
[2026-07-11 12:07:54] INFO [downloader.py:153] Clicked expand button: ...read more
[2026-07-11 12:07:55] WARNING [downloader.py:158] Clicking '...read more' navigated to invalid URL https://collegedunia.com/qna?question_id=5606. Going back...
[2026-07-11 12:07:57] INFO [downloader.py:153] Clicked expand button: ...read more
[2026-07-11 12:07:58] WARNING [downloader.py:158] Clicking '...read more' navigated to invalid URL https://collegedunia.com/qna?question_id=24547. Going back...
[2026-07-11 12:08:00] INFO [downloader.py:153] Clicked expand button: ...read more
[2026-07-11 12:08:01] WARNING [downloader.py:158] Clicking '...read more' navigated to invalid URL https://collegedunia.com/qna?question_id=5734. Going back...
[2026-07-11 12:08:03] INFO [downloader.py:153] Clicked expand button: ...read more
[2026-07-11 12:08:05] WARNING [downloader.py:158] Clicking '...read more' navigated to invalid URL https://collegedunia.com/qna/question/36009-how-is-the-faculty-at-iim-ahmedabad. Going back...
[2026-07-11 12:08:06] INFO [downloader.py:153] Clicked expand button: ...read more
[2026-07-11 12:08:08] INFO [downloader.py:153] Clicked expand button: ...read more
[2026-07-11 12:08:09] WARNING [downloader.py:158] Clicking '...read more' navigated to invalid URL https://collegedunia.com/qna?question_id=24547. Going back...
[2026-07-11 12:08:11] INFO [downloader.py:153] Clicked expand button: ...read more
[2026-07-11 12:08:12] WARNING [downloader.py:158] Clicking '...read more' navigated to invalid URL https://collegedunia.com/qna?question_id=5606. Going back...
[2026-07-11 12:08:14] INFO [downloader.py:153] Clicked expand button: ...read more
[2026-07-11 12:08:16] WARNING [downloader.py:158] Clicking '...read more' navigated to invalid URL https://collegedunia.com/qna?question_id=24547. Going back...
[2026-07-11 12:08:17] INFO [downloader.py:153] Clicked expand button: ...read more
[2026-07-11 12:08:19] WARNING [downloader.py:158] Clicking '...read more' navigated to invalid URL https://collegedunia.com/qna?question_id=5734. Going back...
[2026-07-11 12:08:20] INFO [downloader.py:153] Clicked expand button: ...read more
[2026-07-11 12:08:22] WARNING [downloader.py:158] Clicking '...read more' navigated to invalid URL https://collegedunia.com/qna/question/36009-how-is-the-faculty-at-iim-ahmedabad. Going back...
[2026-07-11 12:08:23] INFO [downloader.py:153] Clicked expand button: ...read more
[2026-07-11 12:08:25] INFO [downloader.py:153] Clicked expand button: ...read more
[2026-07-11 12:08:27] WARNING [downloader.py:158] Clicking '...read more' navigated to invalid URL https://collegedunia.com/qna?question_id=24547. Going back...
[2026-07-11 12:08:28] INFO [downloader.py:153] Clicked expand button: ...read more
[2026-07-11 12:08:30] WARNING [downloader.py:158] Clicking '...read more' navigated to invalid URL https://collegedunia.com/qna?question_id=5606. Going back...
[2026-07-11 12:08:31] INFO [downloader.py:153] Clicked expand button: ...read more
[2026-07-11 12:08:33] WARNING [downloader.py:158] Clicking '...read more' navigated to invalid URL https://collegedunia.com/qna?question_id=24547. Going back...
[2026-07-11 12:08:34] INFO [downloader.py:153] Clicked expand button: ...read more
[2026-07-11 12:08:36] WARNING [downloader.py:158] Clicking '...read more' navigated to invalid URL https://collegedunia.com/qna?question_id=5734. Going back...
[2026-07-11 12:08:38] INFO [downloader.py:153] Clicked expand button: ...read more
[2026-07-11 12:08:39] WARNING [downloader.py:158] Clicking '...read more' navigated to invalid URL https://collegedunia.com/qna/question/36009-how-is-the-faculty-at-iim-ahmedabad. Going back...
[2026-07-11 12:08:41] INFO [downloader.py:153] Clicked expand button: ...read more
[2026-07-11 12:08:42] INFO [downloader.py:238] Successfully saved E:\amar\development\one-co\html\faculty\25494_iima-indian-institute-of-management-ahmedabad.html (1354157 bytes)
[2026-07-11 12:08:42] INFO [downloader.py:242] Sleeping for 3.32s...
[2026-07-11 12:08:46] INFO [downloader.py:207] Downloading scholarships from https://collegedunia.com/university/25494-iima-indian-institute-of-management-ahmedabad/scholarship
[2026-07-11 12:08:48] INFO [downloader.py:91] Scrolling and expanding page content...
[2026-07-11 12:08:58] INFO [downloader.py:153] Clicked expand button: read more
[2026-07-11 12:09:00] INFO [downloader.py:153] Clicked expand button: read more
[2026-07-11 12:09:02] INFO [downloader.py:153] Clicked expand button: ...read more
[2026-07-11 12:09:03] WARNING [downloader.py:158] Clicking '...read more' navigated to invalid URL https://collegedunia.com/qna?question_id=27432. Going back...
[2026-07-11 12:09:05] INFO [downloader.py:153] Clicked expand button: ...read more
[2026-07-11 12:09:06] WARNING [downloader.py:158] Clicking '...read more' navigated to invalid URL https://collegedunia.com/qna?question_id=22840. Going back...
[2026-07-11 12:09:08] INFO [downloader.py:153] Clicked expand button: ...read more
[2026-07-11 12:09:10] WARNING [downloader.py:158] Clicking '...read more' navigated to invalid URL https://collegedunia.com/qna?question_id=22850. Going back...
[2026-07-11 12:09:11] INFO [downloader.py:153] Clicked expand button: ...read more
[2026-07-11 12:09:13] WARNING [downloader.py:158] Clicking '...read more' navigated to invalid URL https://collegedunia.com/qna?question_id=27432. Going back...
[2026-07-11 12:09:14] INFO [downloader.py:153] Clicked expand button: read more
[2026-07-11 12:09:16] INFO [downloader.py:153] Clicked expand button: read more
[2026-07-11 12:09:18] INFO [downloader.py:153] Clicked expand button: ...read more
[2026-07-11 12:09:19] WARNING [downloader.py:158] Clicking '...read more' navigated to invalid URL https://collegedunia.com/qna?question_id=27432. Going back...
[2026-07-11 12:09:21] INFO [downloader.py:153] Clicked expand button: ...read more
[2026-07-11 12:09:22] WARNING [downloader.py:158] Clicking '...read more' navigated to invalid URL https://collegedunia.com/qna?question_id=22840. Going back...
[2026-07-11 12:09:24] INFO [downloader.py:153] Clicked expand button: ...read more
[2026-07-11 12:09:25] WARNING [downloader.py:158] Clicking '...read more' navigated to invalid URL https://collegedunia.com/qna?question_id=22850. Going back...
[2026-07-11 12:09:27] INFO [downloader.py:153] Clicked expand button: ...read more
[2026-07-11 12:09:29] WARNING [downloader.py:158] Clicking '...read more' navigated to invalid URL https://collegedunia.com/qna?question_id=27432. Going back...
[2026-07-11 12:09:30] INFO [downloader.py:153] Clicked expand button: read more
[2026-07-11 12:09:32] INFO [downloader.py:153] Clicked expand button: read more
[2026-07-11 12:09:33] INFO [downloader.py:153] Clicked expand button: ...read more
[2026-07-11 12:09:35] WARNING [downloader.py:158] Clicking '...read more' navigated to invalid URL https://collegedunia.com/qna?question_id=27432. Going back...
[2026-07-11 12:09:37] INFO [downloader.py:153] Clicked expand button: ...read more
[2026-07-11 12:09:38] WARNING [downloader.py:158] Clicking '...read more' navigated to invalid URL https://collegedunia.com/qna?question_id=22840. Going back...
[2026-07-11 12:09:40] INFO [downloader.py:153] Clicked expand button: ...read more
[2026-07-11 12:09:41] WARNING [downloader.py:158] Clicking '...read more' navigated to invalid URL https://collegedunia.com/qna?question_id=22850. Going back...
[2026-07-11 12:09:43] INFO [downloader.py:153] Clicked expand button: ...read more
[2026-07-11 12:09:44] WARNING [downloader.py:158] Clicking '...read more' navigated to invalid URL https://collegedunia.com/qna?question_id=27432. Going back...
[2026-07-11 12:09:46] INFO [downloader.py:153] Clicked expand button: read more
[2026-07-11 12:09:48] INFO [downloader.py:153] Clicked expand button: read more
[2026-07-11 12:09:49] INFO [downloader.py:153] Clicked expand button: ...read more
[2026-07-11 12:09:51] WARNING [downloader.py:158] Clicking '...read more' navigated to invalid URL https://collegedunia.com/qna?question_id=27432. Going back...
[2026-07-11 12:09:53] INFO [downloader.py:153] Clicked expand button: ...read more
[2026-07-11 12:09:54] WARNING [downloader.py:158] Clicking '...read more' navigated to invalid URL https://collegedunia.com/qna?question_id=22840. Going back...
[2026-07-11 12:09:56] INFO [downloader.py:153] Clicked expand button: ...read more
[2026-07-11 12:09:57] WARNING [downloader.py:158] Clicking '...read more' navigated to invalid URL https://collegedunia.com/qna?question_id=22850. Going back...
[2026-07-11 12:09:59] INFO [downloader.py:153] Clicked expand button: ...read more
[2026-07-11 12:10:00] WARNING [downloader.py:158] Clicking '...read more' navigated to invalid URL https://collegedunia.com/qna?question_id=27432. Going back...
[2026-07-11 12:10:02] INFO [downloader.py:153] Clicked expand button: read more
[2026-07-11 12:10:04] INFO [downloader.py:153] Clicked expand button: read more
[2026-07-11 12:10:05] INFO [downloader.py:153] Clicked expand button: ...read more
[2026-07-11 12:10:07] WARNING [downloader.py:158] Clicking '...read more' navigated to invalid URL https://collegedunia.com/qna?question_id=27432. Going back...
[2026-07-11 12:10:08] INFO [downloader.py:153] Clicked expand button: ...read more
[2026-07-11 12:10:10] WARNING [downloader.py:158] Clicking '...read more' navigated to invalid URL https://collegedunia.com/qna?question_id=22840. Going back...
[2026-07-11 12:10:12] INFO [downloader.py:153] Clicked expand button: ...read more
[2026-07-11 12:10:13] WARNING [downloader.py:158] Clicking '...read more' navigated to invalid URL https://collegedunia.com/qna?question_id=22850. Going back...
[2026-07-11 12:10:15] INFO [downloader.py:153] Clicked expand button: ...read more
[2026-07-11 12:10:16] WARNING [downloader.py:158] Clicking '...read more' navigated to invalid URL https://collegedunia.com/qna?question_id=27432. Going back...
[2026-07-11 12:10:18] INFO [downloader.py:153] Clicked expand button: read more
[2026-07-11 12:10:20] INFO [downloader.py:153] Clicked expand button: read more
[2026-07-11 12:10:21] INFO [downloader.py:153] Clicked expand button: ...read more
[2026-07-11 12:10:23] WARNING [downloader.py:158] Clicking '...read more' navigated to invalid URL https://collegedunia.com/qna?question_id=27432. Going back...
[2026-07-11 12:10:24] INFO [downloader.py:153] Clicked expand button: ...read more
[2026-07-11 12:10:26] INFO [downloader.py:153] Clicked expand button: ...read more
[2026-07-11 12:10:28] WARNING [downloader.py:158] Clicking '...read more' navigated to invalid URL https://collegedunia.com/qna?question_id=22850. Going back...
[2026-07-11 12:10:29] INFO [downloader.py:153] Clicked expand button: ...read more
[2026-07-11 12:10:31] WARNING [downloader.py:158] Clicking '...read more' navigated to invalid URL https://collegedunia.com/qna?question_id=27432. Going back...
[2026-07-11 12:10:32] INFO [downloader.py:153] Clicked expand button: read more
[2026-07-11 12:10:34] INFO [downloader.py:153] Clicked expand button: read more
[2026-07-11 12:10:36] INFO [downloader.py:238] Successfully saved E:\amar\development\one-co\html\scholarships\25494_iima-indian-institute-of-management-ahmedabad.html (929616 bytes)
[2026-07-11 12:10:36] INFO [downloader.py:242] Sleeping for 3.18s...
[2026-07-11 12:10:39] INFO [downloader.py:207] Downloading hostel from https://collegedunia.com/university/25494-iima-indian-institute-of-management-ahmedabad/hostel
[2026-07-11 12:10:43] INFO [downloader.py:238] Successfully saved E:\amar\development\one-co\html\hostel\25494_iima-indian-institute-of-management-ahmedabad.html (548567 bytes)
[2026-07-11 12:10:43] INFO [downloader.py:242] Sleeping for 2.55s...
[2026-07-11 12:10:46] INFO [downloader.py:207] Downloading cutoff from https://collegedunia.com/university/25494-iima-indian-institute-of-management-ahmedabad/cutoff
[2026-07-11 12:10:49] INFO [downloader.py:238] Successfully saved E:\amar\development\one-co\html\cutoff\25494_iima-indian-institute-of-management-ahmedabad.html (704269 bytes)
[2026-07-11 12:10:49] INFO [downloader.py:242] Sleeping for 2.27s...
[2026-07-11 12:10:53] INFO [downloader.py:298] Downloader task complete.
[2026-07-11 12:10:53] INFO [main.py:283] Stage 3: Parsing and exporting data...
[2026-07-11 12:10:53] INFO [main.py:64] Starting Stage 2: Offline parsing and export...
[2026-07-11 12:10:53] INFO [main.py:71] Found 2 college(s) to parse.
[2026-07-11 12:10:53] INFO [main.py:85] Parsing college: iit-delhi-indian-institute-of-technology-iitd-new-delhi (ID: 25455)
[2026-07-11 12:10:55] INFO [main.py:85] Parsing college: iima-indian-institute-of-management-ahmedabad (ID: 25494)
[2026-07-11 12:10:55] INFO [exporter.py:35] Starting data export process...
[2026-07-11 12:10:55] INFO [exporter.py:16] Saved 2 records to JSON: E:\amar\development\one-co\json_data\colleges.json
[2026-07-11 12:10:55] INFO [exporter.py:16] Saved 270 records to JSON: E:\amar\development\one-co\json_data\courses.json
[2026-07-11 12:10:55] INFO [exporter.py:16] Saved 2 records to JSON: E:\amar\development\one-co\json_data\admissions.json
[2026-07-11 12:10:55] INFO [exporter.py:16] Saved 2 records to JSON: E:\amar\development\one-co\json_data\placements.json
[2026-07-11 12:10:55] INFO [exporter.py:16] Saved 2 records to JSON: E:\amar\development\one-co\json_data\rankings.json
[2026-07-11 12:10:55] INFO [exporter.py:16] Saved 1 records to JSON: E:\amar\development\one-co\json_data\faculty.json
[2026-07-11 12:10:55] INFO [exporter.py:16] Saved 9 records to JSON: E:\amar\development\one-co\json_data\scholarships.json
[2026-07-11 12:10:55] INFO [exporter.py:16] Saved 2 records to JSON: E:\amar\development\one-co\json_data\hostel.json
[2026-07-11 12:10:55] INFO [exporter.py:16] Saved 3 records to JSON: E:\amar\development\one-co\json_data\reviews.json
[2026-07-11 12:10:56] INFO [exporter.py:84] Excel workbook compiled and saved successfully to: E:\amar\development\one-co\exports\all_colleges.xlsx
[2026-07-11 12:10:56] INFO [exporter.py:194] Saved college-wise Excel sheet: E:\amar\development\one-co\exports\colleges\25455_iit-delhi-indian-institute-of-technology-iitd-new-delhi.xlsx
[2026-07-11 12:10:56] INFO [exporter.py:194] Saved college-wise Excel sheet: E:\amar\development\one-co\exports\colleges\25494_iima-indian-institute-of-management-ahmedabad.xlsx
[2026-07-11 12:10:56] INFO [main.py:243] Offline parsing and export complete.
[2026-07-11 12:10:56] INFO [main.py:290] Pipeline Execution Finished.
